2024-05-29 17:20:11 INFO  top.anyel.ncapas.NcapasApplication - Starting NcapasApplication using Java 17.0.8 with PID 22240 (C:\Users\anyel\OneDrive\Documentos\APPD\SpringBoot\NCAPAS\target\classes started by anyel in C:\Users\anyel\OneDrive\Documentos\APPD\SpringBoot\NCAPAS)
2024-05-29 17:20:11 INFO  top.anyel.ncapas.NcapasApplication - No active profile set, falling back to 1 default profile: "default"
2024-05-29 17:20:12 INFO  o.s.b.d.e.DevToolsPropertyDefaultsPostProcessor - Devtools property defaults active! Set 'spring.devtools.add-properties' to 'false' to disable
2024-05-29 17:20:12 INFO  o.s.b.d.e.DevToolsPropertyDefaultsPostProcessor - For additional web related logging consider setting the 'logging.level.web' property to 'DEBUG'
2024-05-29 17:20:14 INFO  o.s.b.w.e.tomcat.TomcatWebServer - Tomcat initialized with port 8080 (http)
2024-05-29 17:20:14 INFO  o.a.coyote.http11.Http11NioProtocol - Initializing ProtocolHandler ["http-nio-8080"]
2024-05-29 17:20:14 INFO  o.a.catalina.core.StandardService - Starting service [Tomcat]
2024-05-29 17:20:14 INFO  o.a.catalina.core.StandardEngine - Starting Servlet engine: [Apache Tomcat/10.1.20]
2024-05-29 17:20:14 INFO  o.a.c.c.C.[Tomcat].[localhost].[/] - Initializing Spring embedded WebApplicationContext
2024-05-29 17:20:14 INFO  o.s.b.w.s.c.ServletWebServerApplicationContext - Root WebApplicationContext: initialization completed in 2292 ms
2024-05-29 17:20:15 INFO  o.s.b.d.a.OptionalLiveReloadServer - LiveReload server is running on port 35729
2024-05-29 17:20:15 INFO  o.a.coyote.http11.Http11NioProtocol - Starting ProtocolHandler ["http-nio-8080"]
2024-05-29 17:20:15 INFO  o.s.b.w.e.tomcat.TomcatWebServer - Tomcat started on port 8080 (http) with context path ''
2024-05-29 17:20:15 INFO  top.anyel.ncapas.NcapasApplication - Started NcapasApplication in 4.51 seconds (process running for 5.816)
2024-05-29 17:21:41 INFO  top.anyel.ncapas.NcapasApplication - Starting NcapasApplication using Java 17.0.8 with PID 13076 (C:\Users\anyel\OneDrive\Documentos\APPD\SpringBoot\NCAPAS\target\classes started by anyel in C:\Users\anyel\OneDrive\Documentos\APPD\SpringBoot\NCAPAS)
2024-05-29 17:21:41 INFO  top.anyel.ncapas.NcapasApplication - No active profile set, falling back to 1 default profile: "default"
2024-05-29 17:21:41 INFO  o.s.b.d.e.DevToolsPropertyDefaultsPostProcessor - Devtools property defaults active! Set 'spring.devtools.add-properties' to 'false' to disable
2024-05-29 17:21:41 INFO  o.s.b.d.e.DevToolsPropertyDefaultsPostProcessor - For additional web related logging consider setting the 'logging.level.web' property to 'DEBUG'
2024-05-29 17:21:42 INFO  o.s.b.w.e.tomcat.TomcatWebServer - Tomcat initialized with port 8080 (http)
2024-05-29 17:21:43 INFO  o.a.coyote.http11.Http11NioProtocol - Initializing ProtocolHandler ["http-nio-8080"]
2024-05-29 17:21:43 INFO  o.a.catalina.core.StandardService - Starting service [Tomcat]
2024-05-29 17:21:43 INFO  o.a.catalina.core.StandardEngine - Starting Servlet engine: [Apache Tomcat/10.1.20]
2024-05-29 17:21:43 INFO  o.a.c.c.C.[Tomcat].[localhost].[/] - Initializing Spring embedded WebApplicationContext
2024-05-29 17:21:43 INFO  o.s.b.w.s.c.ServletWebServerApplicationContext - Root WebApplicationContext: initialization completed in 1910 ms
2024-05-29 17:21:43 INFO  o.s.b.d.a.OptionalLiveReloadServer - LiveReload server is running on port 35729
2024-05-29 17:21:43 INFO  o.a.coyote.http11.Http11NioProtocol - Starting ProtocolHandler ["http-nio-8080"]
2024-05-29 17:21:43 INFO  o.s.b.w.e.tomcat.TomcatWebServer - Tomcat started on port 8080 (http) with context path ''
2024-05-29 17:21:43 INFO  top.anyel.ncapas.NcapasApplication - Started NcapasApplication in 3.685 seconds (process running for 4.769)
2024-05-29 17:22:05 INFO  top.anyel.ncapas.NcapasApplication - Starting NcapasApplication using Java 17.0.8 with PID 24976 (C:\Users\anyel\OneDrive\Documentos\APPD\SpringBoot\NCAPAS\target\classes started by anyel in C:\Users\anyel\OneDrive\Documentos\APPD\SpringBoot\NCAPAS)
2024-05-29 17:22:05 INFO  top.anyel.ncapas.NcapasApplication - No active profile set, falling back to 1 default profile: "default"
2024-05-29 17:22:05 INFO  o.s.b.d.e.DevToolsPropertyDefaultsPostProcessor - Devtools property defaults active! Set 'spring.devtools.add-properties' to 'false' to disable
2024-05-29 17:22:05 INFO  o.s.b.d.e.DevToolsPropertyDefaultsPostProcessor - For additional web related logging consider setting the 'logging.level.web' property to 'DEBUG'
2024-05-29 17:22:07 INFO  o.s.b.w.e.tomcat.TomcatWebServer - Tomcat initialized with port 8080 (http)
2024-05-29 17:22:07 INFO  o.a.coyote.http11.Http11NioProtocol - Initializing ProtocolHandler ["http-nio-8080"]
2024-05-29 17:22:07 INFO  o.a.catalina.core.StandardService - Starting service [Tomcat]
2024-05-29 17:22:07 INFO  o.a.catalina.core.StandardEngine - Starting Servlet engine: [Apache Tomcat/10.1.20]
2024-05-29 17:22:07 INFO  o.a.c.c.C.[Tomcat].[localhost].[/] - Initializing Spring embedded WebApplicationContext
2024-05-29 17:22:07 INFO  o.s.b.w.s.c.ServletWebServerApplicationContext - Root WebApplicationContext: initialization completed in 1918 ms
2024-05-29 17:22:08 INFO  o.s.b.d.a.OptionalLiveReloadServer - LiveReload server is running on port 35729
2024-05-29 17:22:08 INFO  o.a.coyote.http11.Http11NioProtocol - Starting ProtocolHandler ["http-nio-8080"]
2024-05-29 17:22:08 INFO  o.s.b.w.e.tomcat.TomcatWebServer - Tomcat started on port 8080 (http) with context path ''
2024-05-29 17:22:08 INFO  top.anyel.ncapas.NcapasApplication - Started NcapasApplication in 3.721 seconds (process running for 4.818)
2024-05-29 17:23:02 INFO  top.anyel.ncapas.NcapasApplication - Starting NcapasApplication using Java 17.0.8 with PID 14232 (C:\Users\anyel\OneDrive\Documentos\APPD\SpringBoot\NCAPAS\target\classes started by anyel in C:\Users\anyel\OneDrive\Documentos\APPD\SpringBoot\NCAPAS)
2024-05-29 17:23:02 INFO  top.anyel.ncapas.NcapasApplication - No active profile set, falling back to 1 default profile: "default"
2024-05-29 17:23:02 INFO  o.s.b.d.e.DevToolsPropertyDefaultsPostProcessor - Devtools property defaults active! Set 'spring.devtools.add-properties' to 'false' to disable
2024-05-29 17:23:02 INFO  o.s.b.d.e.DevToolsPropertyDefaultsPostProcessor - For additional web related logging consider setting the 'logging.level.web' property to 'DEBUG'
2024-05-29 17:23:03 INFO  o.s.b.w.e.tomcat.TomcatWebServer - Tomcat initialized with port 8080 (http)
2024-05-29 17:23:03 INFO  o.a.coyote.http11.Http11NioProtocol - Initializing ProtocolHandler ["http-nio-8080"]
2024-05-29 17:23:03 INFO  o.a.catalina.core.StandardService - Starting service [Tomcat]
2024-05-29 17:23:03 INFO  o.a.catalina.core.StandardEngine - Starting Servlet engine: [Apache Tomcat/10.1.20]
2024-05-29 17:23:04 INFO  o.a.c.c.C.[Tomcat].[localhost].[/] - Initializing Spring embedded WebApplicationContext
2024-05-29 17:23:04 INFO  o.s.b.w.s.c.ServletWebServerApplicationContext - Root WebApplicationContext: initialization completed in 1780 ms
2024-05-29 17:23:04 INFO  o.s.b.d.a.OptionalLiveReloadServer - LiveReload server is running on port 35729
2024-05-29 17:23:04 INFO  o.a.coyote.http11.Http11NioProtocol - Starting ProtocolHandler ["http-nio-8080"]
2024-05-29 17:23:04 INFO  o.s.b.w.e.tomcat.TomcatWebServer - Tomcat started on port 8080 (http) with context path ''
2024-05-29 17:23:04 INFO  top.anyel.ncapas.NcapasApplication - Started NcapasApplication in 3.602 seconds (process running for 4.628)
